
==========================================================================
cts final report_tns
--------------------------------------------------------------------------
tns max 0.00

==========================================================================
cts final report_wns
--------------------------------------------------------------------------
wns max 0.00

==========================================================================
cts final report_worst_slack
--------------------------------------------------------------------------
worst slack max 1.38

==========================================================================
cts final report_clock_min_period
--------------------------------------------------------------------------
clk period_min = 1.95 fmax = 512.26

==========================================================================
cts final report_clock_skew
--------------------------------------------------------------------------
Clock clk
   0.22 source latency count[0]$_DFF_PN0_/CLK ^
  -0.22 target latency count[2]$_DFF_PN0_/CLK ^
   0.00 CRPR
--------------
  -0.00 setup skew


==========================================================================
cts final report_checks -path_delay min
--------------------------------------------------------------------------
Startpoint: rst_n (input port clocked by clk)
Endpoint: count[2]$_DFF_PN0_ (removal check against rising-edge clock clk)
Path Group: asynchronous
Path Type: min

Fanout     Cap    Slew   Delay    Time   Description
-----------------------------------------------------------------------------
                          0.00    0.00   clock clk (rise edge)
                          0.00    0.00   clock network delay (propagated)
                          0.50    0.50 ^ input external delay
     1    0.01    0.00    0.00    0.50 ^ rst_n (in)
                                         rst_n (net)
                  0.00    0.00    0.50 ^ input1/A (sky130_fd_sc_hd__clkdlybuf4s50_1)
     4    0.02    0.20    0.57    1.07 ^ input1/X (sky130_fd_sc_hd__clkdlybuf4s50_1)
                                         net1 (net)
                  0.20    0.00    1.07 ^ count[2]$_DFF_PN0_/RESET_B (sky130_fd_sc_hd__dfrtp_1)
                                  1.07   data arrival time

                          0.00    0.00   clock clk (rise edge)
                          0.00    0.00   clock source latency
     1    0.02    0.00    0.00    0.00 ^ clk (in)
                                         clk (net)
                  0.00    0.00    0.00 ^ clkbuf_0_clk/A (sky130_fd_sc_hd__clkbuf_8)
     2    0.01    0.04    0.11    0.11 ^ clkbuf_0_clk/X (sky130_fd_sc_hd__clkbuf_8)
                                         clknet_0_clk (net)
                  0.04    0.00    0.11 ^ clkbuf_1_1__f_clk/A (sky130_fd_sc_hd__clkbuf_8)
     2    0.01    0.03    0.11    0.22 ^ clkbuf_1_1__f_clk/X (sky130_fd_sc_hd__clkbuf_8)
                                         clknet_1_1__leaf_clk (net)
                  0.03    0.00    0.22 ^ count[2]$_DFF_PN0_/CLK (sky130_fd_sc_hd__dfrtp_1)
                          0.00    0.22   clock reconvergence pessimism
                          0.36    0.58   library removal time
                                  0.58   data required time
-----------------------------------------------------------------------------
                                  0.58   data required time
                                 -1.07   data arrival time
-----------------------------------------------------------------------------
                                  0.49   slack (MET)


Startpoint: count[3]$_DFF_PN0_ (rising edge-triggered flip-flop clocked by clk)
Endpoint: count[3]$_DFF_PN0_ (rising edge-triggered flip-flop clocked by clk)
Path Group: clk
Path Type: min

Fanout     Cap    Slew   Delay    Time   Description
-----------------------------------------------------------------------------
                          0.00    0.00   clock clk (rise edge)
                          0.00    0.00   clock source latency
     1    0.02    0.00    0.00    0.00 ^ clk (in)
                                         clk (net)
                  0.00    0.00    0.00 ^ clkbuf_0_clk/A (sky130_fd_sc_hd__clkbuf_8)
     2    0.01    0.04    0.11    0.11 ^ clkbuf_0_clk/X (sky130_fd_sc_hd__clkbuf_8)
                                         clknet_0_clk (net)
                  0.04    0.00    0.11 ^ clkbuf_1_1__f_clk/A (sky130_fd_sc_hd__clkbuf_8)
     2    0.01    0.03    0.11    0.22 ^ clkbuf_1_1__f_clk/X (sky130_fd_sc_hd__clkbuf_8)
                                         clknet_1_1__leaf_clk (net)
                  0.03    0.00    0.22 ^ count[3]$_DFF_PN0_/CLK (sky130_fd_sc_hd__dfrtp_1)
     2    0.01    0.09    0.35    0.56 ^ count[3]$_DFF_PN0_/Q (sky130_fd_sc_hd__dfrtp_1)
                                         net5 (net)
                  0.09    0.00    0.56 ^ _08_/A (sky130_fd_sc_hd__xnor2_1)
     1    0.00    0.04    0.08    0.64 v _08_/Y (sky130_fd_sc_hd__xnor2_1)
                                         _02_ (net)
                  0.04    0.00    0.64 v count[3]$_DFF_PN0_/D (sky130_fd_sc_hd__dfrtp_1)
                                  0.64   data arrival time

                          0.00    0.00   clock clk (rise edge)
                          0.00    0.00   clock source latency
     1    0.02    0.00    0.00    0.00 ^ clk (in)
                                         clk (net)
                  0.00    0.00    0.00 ^ clkbuf_0_clk/A (sky130_fd_sc_hd__clkbuf_8)
     2    0.01    0.04    0.11    0.11 ^ clkbuf_0_clk/X (sky130_fd_sc_hd__clkbuf_8)
                                         clknet_0_clk (net)
                  0.04    0.00    0.11 ^ clkbuf_1_1__f_clk/A (sky130_fd_sc_hd__clkbuf_8)
     2    0.01    0.03    0.11    0.22 ^ clkbuf_1_1__f_clk/X (sky130_fd_sc_hd__clkbuf_8)
                                         clknet_1_1__leaf_clk (net)
                  0.03    0.00    0.22 ^ count[3]$_DFF_PN0_/CLK (sky130_fd_sc_hd__dfrtp_1)
                          0.00    0.22   clock reconvergence pessimism
                         -0.05    0.17   library hold time
                                  0.17   data required time
-----------------------------------------------------------------------------
                                  0.17   data required time
                                 -0.64   data arrival time
-----------------------------------------------------------------------------
                                  0.47   slack (MET)



==========================================================================
cts final report_checks -path_delay max
--------------------------------------------------------------------------
Startpoint: rst_n (input port clocked by clk)
Endpoint: count[0]$_DFF_PN0_ (recovery check against rising-edge clock clk)
Path Group: asynchronous
Path Type: max

Fanout     Cap    Slew   Delay    Time   Description
-----------------------------------------------------------------------------
                          0.00    0.00   clock clk (rise edge)
                          0.00    0.00   clock network delay (propagated)
                          0.50    0.50 ^ input external delay
     1    0.01    0.00    0.00    0.50 ^ rst_n (in)
                                         rst_n (net)
                  0.00    0.00    0.50 ^ input1/A (sky130_fd_sc_hd__clkdlybuf4s50_1)
     4    0.02    0.20    0.57    1.07 ^ input1/X (sky130_fd_sc_hd__clkdlybuf4s50_1)
                                         net1 (net)
                  0.20    0.00    1.07 ^ count[0]$_DFF_PN0_/RESET_B (sky130_fd_sc_hd__dfrtp_1)
                                  1.07   data arrival time

                          3.33    3.33   clock clk (rise edge)
                          0.00    3.33   clock source latency
     1    0.02    0.00    0.00    3.33 ^ clk (in)
                                         clk (net)
                  0.00    0.00    3.33 ^ clkbuf_0_clk/A (sky130_fd_sc_hd__clkbuf_8)
     2    0.01    0.04    0.11    3.44 ^ clkbuf_0_clk/X (sky130_fd_sc_hd__clkbuf_8)
                                         clknet_0_clk (net)
                  0.04    0.00    3.44 ^ clkbuf_1_0__f_clk/A (sky130_fd_sc_hd__clkbuf_8)
     2    0.01    0.03    0.11    3.55 ^ clkbuf_1_0__f_clk/X (sky130_fd_sc_hd__clkbuf_8)
                                         clknet_1_0__leaf_clk (net)
                  0.03    0.00    3.55 ^ count[0]$_DFF_PN0_/CLK (sky130_fd_sc_hd__dfrtp_1)
                          0.00    3.55   clock reconvergence pessimism
                          0.19    3.73   library recovery time
                                  3.73   data required time
-----------------------------------------------------------------------------
                                  3.73   data required time
                                 -1.07   data arrival time
-----------------------------------------------------------------------------
                                  2.66   slack (MET)


Startpoint: count[0]$_DFF_PN0_ (rising edge-triggered flip-flop clocked by clk)
Endpoint: count[0] (output port clocked by clk)
Path Group: clk
Path Type: max

Fanout     Cap    Slew   Delay    Time   Description
-----------------------------------------------------------------------------
                          0.00    0.00   clock clk (rise edge)
                          0.00    0.00   clock source latency
     1    0.02    0.00    0.00    0.00 ^ clk (in)
                                         clk (net)
                  0.00    0.00    0.00 ^ clkbuf_0_clk/A (sky130_fd_sc_hd__clkbuf_8)
     2    0.01    0.04    0.11    0.11 ^ clkbuf_0_clk/X (sky130_fd_sc_hd__clkbuf_8)
                                         clknet_0_clk (net)
                  0.04    0.00    0.11 ^ clkbuf_1_0__f_clk/A (sky130_fd_sc_hd__clkbuf_8)
     2    0.01    0.03    0.11    0.22 ^ clkbuf_1_0__f_clk/X (sky130_fd_sc_hd__clkbuf_8)
                                         clknet_1_0__leaf_clk (net)
                  0.03    0.00    0.22 ^ count[0]$_DFF_PN0_/CLK (sky130_fd_sc_hd__dfrtp_1)
     4    0.02    0.17    0.41    0.63 ^ count[0]$_DFF_PN0_/Q (sky130_fd_sc_hd__dfrtp_1)
                                         net2 (net)
                  0.17    0.00    0.63 ^ output2/A (sky130_fd_sc_hd__clkdlybuf4s50_1)
     1    0.05    0.49    0.83    1.45 ^ output2/X (sky130_fd_sc_hd__clkdlybuf4s50_1)
                                         count[0] (net)
                  0.49    0.00    1.45 ^ count[0] (out)
                                  1.45   data arrival time

                          3.33    3.33   clock clk (rise edge)
                          0.00    3.33   clock network delay (propagated)
                          0.00    3.33   clock reconvergence pessimism
                         -0.50    2.83   output external delay
                                  2.83   data required time
-----------------------------------------------------------------------------
                                  2.83   data required time
                                 -1.45   data arrival time
-----------------------------------------------------------------------------
                                  1.38   slack (MET)



==========================================================================
cts final report_checks -unconstrained
--------------------------------------------------------------------------
Startpoint: rst_n (input port clocked by clk)
Endpoint: count[0]$_DFF_PN0_ (recovery check against rising-edge clock clk)
Path Group: asynchronous
Path Type: max

Fanout     Cap    Slew   Delay    Time   Description
-----------------------------------------------------------------------------
                          0.00    0.00   clock clk (rise edge)
                          0.00    0.00   clock network delay (propagated)
                          0.50    0.50 ^ input external delay
     1    0.01    0.00    0.00    0.50 ^ rst_n (in)
                                         rst_n (net)
                  0.00    0.00    0.50 ^ input1/A (sky130_fd_sc_hd__clkdlybuf4s50_1)
     4    0.02    0.20    0.57    1.07 ^ input1/X (sky130_fd_sc_hd__clkdlybuf4s50_1)
                                         net1 (net)
                  0.20    0.00    1.07 ^ count[0]$_DFF_PN0_/RESET_B (sky130_fd_sc_hd__dfrtp_1)
                                  1.07   data arrival time

                          3.33    3.33   clock clk (rise edge)
                          0.00    3.33   clock source latency
     1    0.02    0.00    0.00    3.33 ^ clk (in)
                                         clk (net)
                  0.00    0.00    3.33 ^ clkbuf_0_clk/A (sky130_fd_sc_hd__clkbuf_8)
     2    0.01    0.04    0.11    3.44 ^ clkbuf_0_clk/X (sky130_fd_sc_hd__clkbuf_8)
                                         clknet_0_clk (net)
                  0.04    0.00    3.44 ^ clkbuf_1_0__f_clk/A (sky130_fd_sc_hd__clkbuf_8)
     2    0.01    0.03    0.11    3.55 ^ clkbuf_1_0__f_clk/X (sky130_fd_sc_hd__clkbuf_8)
                                         clknet_1_0__leaf_clk (net)
                  0.03    0.00    3.55 ^ count[0]$_DFF_PN0_/CLK (sky130_fd_sc_hd__dfrtp_1)
                          0.00    3.55   clock reconvergence pessimism
                          0.19    3.73   library recovery time
                                  3.73   data required time
-----------------------------------------------------------------------------
                                  3.73   data required time
                                 -1.07   data arrival time
-----------------------------------------------------------------------------
                                  2.66   slack (MET)


Startpoint: count[0]$_DFF_PN0_ (rising edge-triggered flip-flop clocked by clk)
Endpoint: count[0] (output port clocked by clk)
Path Group: clk
Path Type: max

Fanout     Cap    Slew   Delay    Time   Description
-----------------------------------------------------------------------------
                          0.00    0.00   clock clk (rise edge)
                          0.00    0.00   clock source latency
     1    0.02    0.00    0.00    0.00 ^ clk (in)
                                         clk (net)
                  0.00    0.00    0.00 ^ clkbuf_0_clk/A (sky130_fd_sc_hd__clkbuf_8)
     2    0.01    0.04    0.11    0.11 ^ clkbuf_0_clk/X (sky130_fd_sc_hd__clkbuf_8)
                                         clknet_0_clk (net)
                  0.04    0.00    0.11 ^ clkbuf_1_0__f_clk/A (sky130_fd_sc_hd__clkbuf_8)
     2    0.01    0.03    0.11    0.22 ^ clkbuf_1_0__f_clk/X (sky130_fd_sc_hd__clkbuf_8)
                                         clknet_1_0__leaf_clk (net)
                  0.03    0.00    0.22 ^ count[0]$_DFF_PN0_/CLK (sky130_fd_sc_hd__dfrtp_1)
     4    0.02    0.17    0.41    0.63 ^ count[0]$_DFF_PN0_/Q (sky130_fd_sc_hd__dfrtp_1)
                                         net2 (net)
                  0.17    0.00    0.63 ^ output2/A (sky130_fd_sc_hd__clkdlybuf4s50_1)
     1    0.05    0.49    0.83    1.45 ^ output2/X (sky130_fd_sc_hd__clkdlybuf4s50_1)
                                         count[0] (net)
                  0.49    0.00    1.45 ^ count[0] (out)
                                  1.45   data arrival time

                          3.33    3.33   clock clk (rise edge)
                          0.00    3.33   clock network delay (propagated)
                          0.00    3.33   clock reconvergence pessimism
                         -0.50    2.83   output external delay
                                  2.83   data required time
-----------------------------------------------------------------------------
                                  2.83   data required time
                                 -1.45   data arrival time
-----------------------------------------------------------------------------
                                  1.38   slack (MET)



==========================================================================
cts final report_check_types -max_slew -max_cap -max_fanout -violators
--------------------------------------------------------------------------

==========================================================================
cts final max_slew_check_slack
--------------------------------------------------------------------------
1.0088526010513306

==========================================================================
cts final max_slew_check_limit
--------------------------------------------------------------------------
1.4953149557113647

==========================================================================
cts final max_slew_check_slack_limit
--------------------------------------------------------------------------
0.6747

==========================================================================
cts final max_fanout_check_slack
--------------------------------------------------------------------------
1.0000000150474662e+30

==========================================================================
cts final max_fanout_check_limit
--------------------------------------------------------------------------
1.0000000150474662e+30

==========================================================================
cts final max_capacitance_check_slack
--------------------------------------------------------------------------
0.06603556126356125

==========================================================================
cts final max_capacitance_check_limit
--------------------------------------------------------------------------
0.0695900022983551

==========================================================================
cts final max_capacitance_check_slack_limit
--------------------------------------------------------------------------
0.9489

==========================================================================
cts final max_slew_violation_count
--------------------------------------------------------------------------
max slew violation count 0

==========================================================================
cts final max_fanout_violation_count
--------------------------------------------------------------------------
max fanout violation count 0

==========================================================================
cts final max_cap_violation_count
--------------------------------------------------------------------------
max cap violation count 0

==========================================================================
cts final setup_violation_count
--------------------------------------------------------------------------
setup violation count 0

==========================================================================
cts final hold_violation_count
--------------------------------------------------------------------------
hold violation count 0

==========================================================================
cts final report_checks -path_delay max reg to reg
--------------------------------------------------------------------------
Startpoint: count[0]$_DFF_PN0_ (rising edge-triggered flip-flop clocked by clk)
Endpoint: count[2]$_DFF_PN0_ (rising edge-triggered flip-flop clocked by clk)
Path Group: clk
Path Type: max

  Delay    Time   Description
---------------------------------------------------------
   0.00    0.00   clock clk (rise edge)
   0.00    0.00   clock source latency
   0.00    0.00 ^ clk (in)
   0.11    0.11 ^ clkbuf_0_clk/X (sky130_fd_sc_hd__clkbuf_8)
   0.11    0.22 ^ clkbuf_1_0__f_clk/X (sky130_fd_sc_hd__clkbuf_8)
   0.00    0.22 ^ count[0]$_DFF_PN0_/CLK (sky130_fd_sc_hd__dfrtp_1)
   0.42    0.63 v count[0]$_DFF_PN0_/Q (sky130_fd_sc_hd__dfrtp_1)
   0.23    0.86 v _10_/COUT (sky130_fd_sc_hd__ha_1)
   0.15    1.02 v _06_/X (sky130_fd_sc_hd__xor2_1)
   0.00    1.02 v count[2]$_DFF_PN0_/D (sky130_fd_sc_hd__dfrtp_1)
           1.02   data arrival time

   3.33    3.33   clock clk (rise edge)
   0.00    3.33   clock source latency
   0.00    3.33 ^ clk (in)
   0.11    3.44 ^ clkbuf_0_clk/X (sky130_fd_sc_hd__clkbuf_8)
   0.11    3.55 ^ clkbuf_1_1__f_clk/X (sky130_fd_sc_hd__clkbuf_8)
   0.00    3.55 ^ count[2]$_DFF_PN0_/CLK (sky130_fd_sc_hd__dfrtp_1)
   0.00    3.55   clock reconvergence pessimism
  -0.12    3.43   library setup time
           3.43   data required time
---------------------------------------------------------
           3.43   data required time
          -1.02   data arrival time
---------------------------------------------------------
           2.41   slack (MET)



==========================================================================
cts final report_checks -path_delay min reg to reg
--------------------------------------------------------------------------
Startpoint: count[3]$_DFF_PN0_ (rising edge-triggered flip-flop clocked by clk)
Endpoint: count[3]$_DFF_PN0_ (rising edge-triggered flip-flop clocked by clk)
Path Group: clk
Path Type: min

  Delay    Time   Description
---------------------------------------------------------
   0.00    0.00   clock clk (rise edge)
   0.00    0.00   clock source latency
   0.00    0.00 ^ clk (in)
   0.11    0.11 ^ clkbuf_0_clk/X (sky130_fd_sc_hd__clkbuf_8)
   0.11    0.22 ^ clkbuf_1_1__f_clk/X (sky130_fd_sc_hd__clkbuf_8)
   0.00    0.22 ^ count[3]$_DFF_PN0_/CLK (sky130_fd_sc_hd__dfrtp_1)
   0.35    0.56 ^ count[3]$_DFF_PN0_/Q (sky130_fd_sc_hd__dfrtp_1)
   0.08    0.64 v _08_/Y (sky130_fd_sc_hd__xnor2_1)
   0.00    0.64 v count[3]$_DFF_PN0_/D (sky130_fd_sc_hd__dfrtp_1)
           0.64   data arrival time

   0.00    0.00   clock clk (rise edge)
   0.00    0.00   clock source latency
   0.00    0.00 ^ clk (in)
   0.11    0.11 ^ clkbuf_0_clk/X (sky130_fd_sc_hd__clkbuf_8)
   0.11    0.22 ^ clkbuf_1_1__f_clk/X (sky130_fd_sc_hd__clkbuf_8)
   0.00    0.22 ^ count[3]$_DFF_PN0_/CLK (sky130_fd_sc_hd__dfrtp_1)
   0.00    0.22   clock reconvergence pessimism
  -0.05    0.17   library hold time
           0.17   data required time
---------------------------------------------------------
           0.17   data required time
          -0.64   data arrival time
---------------------------------------------------------
           0.47   slack (MET)



==========================================================================
cts final critical path target clock latency max path
--------------------------------------------------------------------------
0.2156

==========================================================================
cts final critical path target clock latency min path
--------------------------------------------------------------------------
0.2187

==========================================================================
cts final critical path source clock latency min path
--------------------------------------------------------------------------
0.0000

==========================================================================
cts final critical path delay
--------------------------------------------------------------------------
1.4521

==========================================================================
cts final critical path slack
--------------------------------------------------------------------------
1.3779

==========================================================================
cts final slack div critical path delay
--------------------------------------------------------------------------
94.890159

==========================================================================
cts final report_power
--------------------------------------------------------------------------
Group                  Internal  Switching    Leakage      Total
                          Power      Power      Power      Power (Watts)
----------------------------------------------------------------
Sequential             4.90e-05   0.00e+00   5.13e-11   4.90e-05  31.9%
Combinational          1.04e-06   9.49e-07   3.75e-11   1.99e-06   1.3%
Clock                  7.71e-05   2.53e-05   2.16e-11   1.02e-04  66.8%
Macro                  0.00e+00   0.00e+00   0.00e+00   0.00e+00   0.0%
Pad                    0.00e+00   0.00e+00   0.00e+00   0.00e+00   0.0%
----------------------------------------------------------------
Total                  1.27e-04   2.63e-05   1.10e-10   1.53e-04 100.0%
                          82.9%      17.1%       0.0%
