
==========================================================================
finish report_tns
--------------------------------------------------------------------------
tns max 0.00

==========================================================================
finish report_wns
--------------------------------------------------------------------------
wns max 0.00

==========================================================================
finish report_worst_slack
--------------------------------------------------------------------------
worst slack max 1.39

==========================================================================
finish report_clock_min_period
--------------------------------------------------------------------------
clk period_min = 1.94 fmax = 514.49

==========================================================================
finish report_clock_skew
--------------------------------------------------------------------------
Clock clk
   0.21 source latency count[0]$_DFF_PN0_/CLK ^
  -0.21 target latency count[2]$_DFF_PN0_/CLK ^
   0.00 CRPR
--------------
  -0.00 setup skew


==========================================================================
finish report_checks -path_delay min
--------------------------------------------------------------------------
Startpoint: rst_n (input port clocked by clk)
Endpoint: count[2]$_DFF_PN0_ (removal check against rising-edge clock clk)
Path Group: asynchronous
Path Type: min

Fanout     Cap    Slew   Delay    Time   Description
-----------------------------------------------------------------------------
                          0.00    0.00   clock clk (rise edge)
                          0.00    0.00   clock network delay (propagated)
                          0.50    0.50 ^ input external delay
     1    0.00    0.00    0.00    0.50 ^ rst_n (in)
                                         rst_n (net)
                  0.00    0.00    0.50 ^ input1/A (sky130_fd_sc_hd__clkdlybuf4s50_1)
     4    0.02    0.19    0.56    1.06 ^ input1/X (sky130_fd_sc_hd__clkdlybuf4s50_1)
                                         net1 (net)
                  0.19    0.00    1.06 ^ count[2]$_DFF_PN0_/RESET_B (sky130_fd_sc_hd__dfrtp_1)
                                  1.06   data arrival time

                          0.00    0.00   clock clk (rise edge)
                          0.00    0.00   clock source latency
     1    0.01    0.00    0.00    0.00 ^ clk (in)
                                         clk (net)
                  0.00    0.00    0.00 ^ clkbuf_0_clk/A (sky130_fd_sc_hd__clkbuf_8)
     2    0.01    0.04    0.10    0.10 ^ clkbuf_0_clk/X (sky130_fd_sc_hd__clkbuf_8)
                                         clknet_0_clk (net)
                  0.04    0.00    0.10 ^ clkbuf_1_1__f_clk/A (sky130_fd_sc_hd__clkbuf_8)
     2    0.01    0.03    0.11    0.21 ^ clkbuf_1_1__f_clk/X (sky130_fd_sc_hd__clkbuf_8)
                                         clknet_1_1__leaf_clk (net)
                  0.03    0.00    0.21 ^ count[2]$_DFF_PN0_/CLK (sky130_fd_sc_hd__dfrtp_1)
                          0.00    0.21   clock reconvergence pessimism
                          0.36    0.57   library removal time
                                  0.57   data required time
-----------------------------------------------------------------------------
                                  0.57   data required time
                                 -1.06   data arrival time
-----------------------------------------------------------------------------
                                  0.49   slack (MET)


Startpoint: count[3]$_DFF_PN0_ (rising edge-triggered flip-flop clocked by clk)
Endpoint: count[3]$_DFF_PN0_ (rising edge-triggered flip-flop clocked by clk)
Path Group: clk
Path Type: min

Fanout     Cap    Slew   Delay    Time   Description
-----------------------------------------------------------------------------
                          0.00    0.00   clock clk (rise edge)
                          0.00    0.00   clock source latency
     1    0.01    0.00    0.00    0.00 ^ clk (in)
                                         clk (net)
                  0.00    0.00    0.00 ^ clkbuf_0_clk/A (sky130_fd_sc_hd__clkbuf_8)
     2    0.01    0.04    0.10    0.10 ^ clkbuf_0_clk/X (sky130_fd_sc_hd__clkbuf_8)
                                         clknet_0_clk (net)
                  0.04    0.00    0.10 ^ clkbuf_1_1__f_clk/A (sky130_fd_sc_hd__clkbuf_8)
     2    0.01    0.03    0.11    0.21 ^ clkbuf_1_1__f_clk/X (sky130_fd_sc_hd__clkbuf_8)
                                         clknet_1_1__leaf_clk (net)
                  0.03    0.00    0.21 ^ count[3]$_DFF_PN0_/CLK (sky130_fd_sc_hd__dfrtp_1)
     2    0.01    0.08    0.34    0.56 ^ count[3]$_DFF_PN0_/Q (sky130_fd_sc_hd__dfrtp_1)
                                         net5 (net)
                  0.08    0.00    0.56 ^ _08_/A (sky130_fd_sc_hd__xnor2_1)
     1    0.00    0.04    0.08    0.63 v _08_/Y (sky130_fd_sc_hd__xnor2_1)
                                         _02_ (net)
                  0.04    0.00    0.64 v count[3]$_DFF_PN0_/D (sky130_fd_sc_hd__dfrtp_1)
                                  0.64   data arrival time

                          0.00    0.00   clock clk (rise edge)
                          0.00    0.00   clock source latency
     1    0.01    0.00    0.00    0.00 ^ clk (in)
                                         clk (net)
                  0.00    0.00    0.00 ^ clkbuf_0_clk/A (sky130_fd_sc_hd__clkbuf_8)
     2    0.01    0.04    0.10    0.10 ^ clkbuf_0_clk/X (sky130_fd_sc_hd__clkbuf_8)
                                         clknet_0_clk (net)
                  0.04    0.00    0.10 ^ clkbuf_1_1__f_clk/A (sky130_fd_sc_hd__clkbuf_8)
     2    0.01    0.03    0.11    0.21 ^ clkbuf_1_1__f_clk/X (sky130_fd_sc_hd__clkbuf_8)
                                         clknet_1_1__leaf_clk (net)
                  0.03    0.00    0.21 ^ count[3]$_DFF_PN0_/CLK (sky130_fd_sc_hd__dfrtp_1)
                          0.00    0.21   clock reconvergence pessimism
                         -0.05    0.17   library hold time
                                  0.17   data required time
-----------------------------------------------------------------------------
                                  0.17   data required time
                                 -0.64   data arrival time
-----------------------------------------------------------------------------
                                  0.47   slack (MET)



==========================================================================
finish report_checks -path_delay max
--------------------------------------------------------------------------
Startpoint: rst_n (input port clocked by clk)
Endpoint: count[0]$_DFF_PN0_ (recovery check against rising-edge clock clk)
Path Group: asynchronous
Path Type: max

Fanout     Cap    Slew   Delay    Time   Description
-----------------------------------------------------------------------------
                          0.00    0.00   clock clk (rise edge)
                          0.00    0.00   clock network delay (propagated)
                          0.50    0.50 ^ input external delay
     1    0.00    0.00    0.00    0.50 ^ rst_n (in)
                                         rst_n (net)
                  0.00    0.00    0.50 ^ input1/A (sky130_fd_sc_hd__clkdlybuf4s50_1)
     4    0.02    0.19    0.56    1.06 ^ input1/X (sky130_fd_sc_hd__clkdlybuf4s50_1)
                                         net1 (net)
                  0.19    0.00    1.06 ^ count[0]$_DFF_PN0_/RESET_B (sky130_fd_sc_hd__dfrtp_1)
                                  1.06   data arrival time

                          3.33    3.33   clock clk (rise edge)
                          0.00    3.33   clock source latency
     1    0.01    0.00    0.00    3.33 ^ clk (in)
                                         clk (net)
                  0.00    0.00    3.33 ^ clkbuf_0_clk/A (sky130_fd_sc_hd__clkbuf_8)
     2    0.01    0.04    0.10    3.43 ^ clkbuf_0_clk/X (sky130_fd_sc_hd__clkbuf_8)
                                         clknet_0_clk (net)
                  0.04    0.00    3.43 ^ clkbuf_1_0__f_clk/A (sky130_fd_sc_hd__clkbuf_8)
     2    0.00    0.03    0.11    3.54 ^ clkbuf_1_0__f_clk/X (sky130_fd_sc_hd__clkbuf_8)
                                         clknet_1_0__leaf_clk (net)
                  0.03    0.00    3.54 ^ count[0]$_DFF_PN0_/CLK (sky130_fd_sc_hd__dfrtp_1)
                          0.00    3.54   clock reconvergence pessimism
                          0.19    3.73   library recovery time
                                  3.73   data required time
-----------------------------------------------------------------------------
                                  3.73   data required time
                                 -1.06   data arrival time
-----------------------------------------------------------------------------
                                  2.67   slack (MET)


Startpoint: count[0]$_DFF_PN0_ (rising edge-triggered flip-flop clocked by clk)
Endpoint: count[0] (output port clocked by clk)
Path Group: clk
Path Type: max

Fanout     Cap    Slew   Delay    Time   Description
-----------------------------------------------------------------------------
                          0.00    0.00   clock clk (rise edge)
                          0.00    0.00   clock source latency
     1    0.01    0.00    0.00    0.00 ^ clk (in)
                                         clk (net)
                  0.00    0.00    0.00 ^ clkbuf_0_clk/A (sky130_fd_sc_hd__clkbuf_8)
     2    0.01    0.04    0.10    0.10 ^ clkbuf_0_clk/X (sky130_fd_sc_hd__clkbuf_8)
                                         clknet_0_clk (net)
                  0.04    0.00    0.10 ^ clkbuf_1_0__f_clk/A (sky130_fd_sc_hd__clkbuf_8)
     2    0.00    0.03    0.11    0.21 ^ clkbuf_1_0__f_clk/X (sky130_fd_sc_hd__clkbuf_8)
                                         clknet_1_0__leaf_clk (net)
                  0.03    0.00    0.21 ^ count[0]$_DFF_PN0_/CLK (sky130_fd_sc_hd__dfrtp_1)
     4    0.02    0.16    0.40    0.61 ^ count[0]$_DFF_PN0_/Q (sky130_fd_sc_hd__dfrtp_1)
                                         net2 (net)
                  0.16    0.00    0.61 ^ output2/A (sky130_fd_sc_hd__clkdlybuf4s50_1)
     1    0.05    0.50    0.83    1.44 ^ output2/X (sky130_fd_sc_hd__clkdlybuf4s50_1)
                                         count[0] (net)
                  0.50    0.00    1.44 ^ count[0] (out)
                                  1.44   data arrival time

                          3.33    3.33   clock clk (rise edge)
                          0.00    3.33   clock network delay (propagated)
                          0.00    3.33   clock reconvergence pessimism
                         -0.50    2.83   output external delay
                                  2.83   data required time
-----------------------------------------------------------------------------
                                  2.83   data required time
                                 -1.44   data arrival time
-----------------------------------------------------------------------------
                                  1.39   slack (MET)



==========================================================================
finish report_checks -unconstrained
--------------------------------------------------------------------------
Startpoint: rst_n (input port clocked by clk)
Endpoint: count[0]$_DFF_PN0_ (recovery check against rising-edge clock clk)
Path Group: asynchronous
Path Type: max

Fanout     Cap    Slew   Delay    Time   Description
-----------------------------------------------------------------------------
                          0.00    0.00   clock clk (rise edge)
                          0.00    0.00   clock network delay (propagated)
                          0.50    0.50 ^ input external delay
     1    0.00    0.00    0.00    0.50 ^ rst_n (in)
                                         rst_n (net)
                  0.00    0.00    0.50 ^ input1/A (sky130_fd_sc_hd__clkdlybuf4s50_1)
     4    0.02    0.19    0.56    1.06 ^ input1/X (sky130_fd_sc_hd__clkdlybuf4s50_1)
                                         net1 (net)
                  0.19    0.00    1.06 ^ count[0]$_DFF_PN0_/RESET_B (sky130_fd_sc_hd__dfrtp_1)
                                  1.06   data arrival time

                          3.33    3.33   clock clk (rise edge)
                          0.00    3.33   clock source latency
     1    0.01    0.00    0.00    3.33 ^ clk (in)
                                         clk (net)
                  0.00    0.00    3.33 ^ clkbuf_0_clk/A (sky130_fd_sc_hd__clkbuf_8)
     2    0.01    0.04    0.10    3.43 ^ clkbuf_0_clk/X (sky130_fd_sc_hd__clkbuf_8)
                                         clknet_0_clk (net)
                  0.04    0.00    3.43 ^ clkbuf_1_0__f_clk/A (sky130_fd_sc_hd__clkbuf_8)
     2    0.00    0.03    0.11    3.54 ^ clkbuf_1_0__f_clk/X (sky130_fd_sc_hd__clkbuf_8)
                                         clknet_1_0__leaf_clk (net)
                  0.03    0.00    3.54 ^ count[0]$_DFF_PN0_/CLK (sky130_fd_sc_hd__dfrtp_1)
                          0.00    3.54   clock reconvergence pessimism
                          0.19    3.73   library recovery time
                                  3.73   data required time
-----------------------------------------------------------------------------
                                  3.73   data required time
                                 -1.06   data arrival time
-----------------------------------------------------------------------------
                                  2.67   slack (MET)


Startpoint: count[0]$_DFF_PN0_ (rising edge-triggered flip-flop clocked by clk)
Endpoint: count[0] (output port clocked by clk)
Path Group: clk
Path Type: max

Fanout     Cap    Slew   Delay    Time   Description
-----------------------------------------------------------------------------
                          0.00    0.00   clock clk (rise edge)
                          0.00    0.00   clock source latency
     1    0.01    0.00    0.00    0.00 ^ clk (in)
                                         clk (net)
                  0.00    0.00    0.00 ^ clkbuf_0_clk/A (sky130_fd_sc_hd__clkbuf_8)
     2    0.01    0.04    0.10    0.10 ^ clkbuf_0_clk/X (sky130_fd_sc_hd__clkbuf_8)
                                         clknet_0_clk (net)
                  0.04    0.00    0.10 ^ clkbuf_1_0__f_clk/A (sky130_fd_sc_hd__clkbuf_8)
     2    0.00    0.03    0.11    0.21 ^ clkbuf_1_0__f_clk/X (sky130_fd_sc_hd__clkbuf_8)
                                         clknet_1_0__leaf_clk (net)
                  0.03    0.00    0.21 ^ count[0]$_DFF_PN0_/CLK (sky130_fd_sc_hd__dfrtp_1)
     4    0.02    0.16    0.40    0.61 ^ count[0]$_DFF_PN0_/Q (sky130_fd_sc_hd__dfrtp_1)
                                         net2 (net)
                  0.16    0.00    0.61 ^ output2/A (sky130_fd_sc_hd__clkdlybuf4s50_1)
     1    0.05    0.50    0.83    1.44 ^ output2/X (sky130_fd_sc_hd__clkdlybuf4s50_1)
                                         count[0] (net)
                  0.50    0.00    1.44 ^ count[0] (out)
                                  1.44   data arrival time

                          3.33    3.33   clock clk (rise edge)
                          0.00    3.33   clock network delay (propagated)
                          0.00    3.33   clock reconvergence pessimism
                         -0.50    2.83   output external delay
                                  2.83   data required time
-----------------------------------------------------------------------------
                                  2.83   data required time
                                 -1.44   data arrival time
-----------------------------------------------------------------------------
                                  1.39   slack (MET)



==========================================================================
finish report_check_types -max_slew -max_cap -max_fanout -violators
--------------------------------------------------------------------------

==========================================================================
finish max_slew_check_slack
--------------------------------------------------------------------------
0.9937257766723633

==========================================================================
finish max_slew_check_limit
--------------------------------------------------------------------------
1.4953149557113647

==========================================================================
finish max_slew_check_slack_limit
--------------------------------------------------------------------------
0.6646

==========================================================================
finish max_fanout_check_slack
--------------------------------------------------------------------------
1.0000000150474662e+30

==========================================================================
finish max_fanout_check_limit
--------------------------------------------------------------------------
1.0000000150474662e+30

==========================================================================
finish max_capacitance_check_slack
--------------------------------------------------------------------------
0.06629403680562973

==========================================================================
finish max_capacitance_check_limit
--------------------------------------------------------------------------
0.0695900022983551

==========================================================================
finish max_capacitance_check_slack_limit
--------------------------------------------------------------------------
0.9526

==========================================================================
finish max_slew_violation_count
--------------------------------------------------------------------------
max slew violation count 0

==========================================================================
finish max_fanout_violation_count
--------------------------------------------------------------------------
max fanout violation count 0

==========================================================================
finish max_cap_violation_count
--------------------------------------------------------------------------
max cap violation count 0

==========================================================================
finish setup_violation_count
--------------------------------------------------------------------------
setup violation count 0

==========================================================================
finish hold_violation_count
--------------------------------------------------------------------------
hold violation count 0

==========================================================================
finish report_checks -path_delay max reg to reg
--------------------------------------------------------------------------
Startpoint: count[0]$_DFF_PN0_ (rising edge-triggered flip-flop clocked by clk)
Endpoint: count[2]$_DFF_PN0_ (rising edge-triggered flip-flop clocked by clk)
Path Group: clk
Path Type: max

  Delay    Time   Description
---------------------------------------------------------
   0.00    0.00   clock clk (rise edge)
   0.00    0.00   clock source latency
   0.00    0.00 ^ clk (in)
   0.10    0.10 ^ clkbuf_0_clk/X (sky130_fd_sc_hd__clkbuf_8)
   0.11    0.21 ^ clkbuf_1_0__f_clk/X (sky130_fd_sc_hd__clkbuf_8)
   0.00    0.21 ^ count[0]$_DFF_PN0_/CLK (sky130_fd_sc_hd__dfrtp_1)
   0.41    0.62 v count[0]$_DFF_PN0_/Q (sky130_fd_sc_hd__dfrtp_1)
   0.22    0.84 v _10_/COUT (sky130_fd_sc_hd__ha_1)
   0.15    1.00 v _06_/X (sky130_fd_sc_hd__xor2_1)
   0.00    1.00 v count[2]$_DFF_PN0_/D (sky130_fd_sc_hd__dfrtp_1)
           1.00   data arrival time

   3.33    3.33   clock clk (rise edge)
   0.00    3.33   clock source latency
   0.00    3.33 ^ clk (in)
   0.10    3.43 ^ clkbuf_0_clk/X (sky130_fd_sc_hd__clkbuf_8)
   0.11    3.54 ^ clkbuf_1_1__f_clk/X (sky130_fd_sc_hd__clkbuf_8)
   0.00    3.54 ^ count[2]$_DFF_PN0_/CLK (sky130_fd_sc_hd__dfrtp_1)
   0.00    3.54   clock reconvergence pessimism
  -0.12    3.42   library setup time
           3.42   data required time
---------------------------------------------------------
           3.42   data required time
          -1.00   data arrival time
---------------------------------------------------------
           2.43   slack (MET)



==========================================================================
finish report_checks -path_delay min reg to reg
--------------------------------------------------------------------------
Startpoint: count[3]$_DFF_PN0_ (rising edge-triggered flip-flop clocked by clk)
Endpoint: count[3]$_DFF_PN0_ (rising edge-triggered flip-flop clocked by clk)
Path Group: clk
Path Type: min

  Delay    Time   Description
---------------------------------------------------------
   0.00    0.00   clock clk (rise edge)
   0.00    0.00   clock source latency
   0.00    0.00 ^ clk (in)
   0.10    0.10 ^ clkbuf_0_clk/X (sky130_fd_sc_hd__clkbuf_8)
   0.11    0.21 ^ clkbuf_1_1__f_clk/X (sky130_fd_sc_hd__clkbuf_8)
   0.00    0.21 ^ count[3]$_DFF_PN0_/CLK (sky130_fd_sc_hd__dfrtp_1)
   0.34    0.56 ^ count[3]$_DFF_PN0_/Q (sky130_fd_sc_hd__dfrtp_1)
   0.08    0.63 v _08_/Y (sky130_fd_sc_hd__xnor2_1)
   0.00    0.64 v count[3]$_DFF_PN0_/D (sky130_fd_sc_hd__dfrtp_1)
           0.64   data arrival time

   0.00    0.00   clock clk (rise edge)
   0.00    0.00   clock source latency
   0.00    0.00 ^ clk (in)
   0.10    0.10 ^ clkbuf_0_clk/X (sky130_fd_sc_hd__clkbuf_8)
   0.11    0.21 ^ clkbuf_1_1__f_clk/X (sky130_fd_sc_hd__clkbuf_8)
   0.00    0.21 ^ count[3]$_DFF_PN0_/CLK (sky130_fd_sc_hd__dfrtp_1)
   0.00    0.21   clock reconvergence pessimism
  -0.05    0.17   library hold time
           0.17   data required time
---------------------------------------------------------
           0.17   data required time
          -0.64   data arrival time
---------------------------------------------------------
           0.47   slack (MET)



==========================================================================
finish critical path target clock latency max path
--------------------------------------------------------------------------
0.2101

==========================================================================
finish critical path target clock latency min path
--------------------------------------------------------------------------
0.2138

==========================================================================
finish critical path source clock latency min path
--------------------------------------------------------------------------
0.0000

==========================================================================
finish critical path delay
--------------------------------------------------------------------------
1.4437

==========================================================================
finish critical path slack
--------------------------------------------------------------------------
1.3863

==========================================================================
finish slack div critical path delay
--------------------------------------------------------------------------
96.024105

==========================================================================
finish report_power
--------------------------------------------------------------------------
Group                  Internal  Switching    Leakage      Total
                          Power      Power      Power      Power (Watts)
----------------------------------------------------------------
Sequential             4.90e-05   0.00e+00   5.13e-11   4.90e-05  32.7%
Combinational          1.04e-06   8.90e-07   3.75e-11   1.93e-06   1.3%
Clock                  7.68e-05   2.21e-05   2.16e-11   9.89e-05  66.0%
Macro                  0.00e+00   0.00e+00   0.00e+00   0.00e+00   0.0%
Pad                    0.00e+00   0.00e+00   0.00e+00   0.00e+00   0.0%
----------------------------------------------------------------
Total                  1.27e-04   2.30e-05   1.10e-10   1.50e-04 100.0%
                          84.6%      15.4%       0.0%
